This file contains any messages produced by compilers while
running configure, to aid debugging if configure makes a mistake.

It was created by client configure 1.0, which was
generated by GNU Autoconf 2.69.  Invocation command line was

  $ ./configure 

## --------- ##
## Platform. ##
## --------- ##

hostname = debian
uname -m = i686
uname -r = 3.2.0-4-686-pae
uname -s = Linux
uname -v = #1 SMP Debian 3.2.41-2

/usr/bin/uname -p = unknown
/bin/uname -X     = unknown

/bin/arch              = unknown
/usr/bin/arch -k       = unknown
/usr/convex/getsysinfo = unknown
/usr/bin/hostinfo      = unknown
/bin/machine           = unknown
/usr/bin/oslevel       = unknown
/bin/universe          = unknown

PATH: /usr/lib/jvm/java-7-sun/bin
PATH: /usr/local/bin
PATH: /usr/bin
PATH: /bin
PATH: /usr/local/games
PATH: /usr/games
PATH: /home/angel/adt-bundle-linux-x86/sdk/tools
PATH: /home/angel/adt-bundle-linux-x86/sdk/platform-tools


## ----------- ##
## Core tests. ##
## ----------- ##

configure:2233: checking for a BSD-compatible install
configure:2301: result: /usr/bin/install -c
configure:2312: checking whether build environment is sane
configure:2362: result: yes
configure:2503: checking for a thread-safe mkdir -p
configure:2542: result: /bin/mkdir -p
configure:2555: checking for gawk
configure:2585: result: no
configure:2555: checking for mawk
configure:2571: found /usr/bin/mawk
configure:2582: result: mawk
configure:2593: checking whether make sets $(MAKE)
configure:2615: result: yes
configure:2748: checking for gcc
configure:2764: found /usr/bin/gcc
configure:2775: result: gcc
configure:3004: checking for C compiler version
configure:3013: gcc --version >&5
gcc (Debian 4.7.2-5) 4.7.2
Copyright (C) 2012 Free Software Foundation, Inc.
This is free software; see the source for copying conditions.  There is NO
warranty; not even for MERCHANTABILITY or FITNESS FOR A PARTICULAR PURPOSE.

configure:3024: $? = 0
configure:3013: gcc -v >&5
Using built-in specs.
COLLECT_GCC=gcc
COLLECT_LTO_WRAPPER=/usr/lib/gcc/i486-linux-gnu/4.7/lto-wrapper
Target: i486-linux-gnu
Configured with: ../src/configure -v --with-pkgversion='Debian 4.7.2-5' --with-bugurl=file:///usr/share/doc/gcc-4.7/README.Bugs --enable-languages=c,c++,go,fortran,objc,obj-c++ --prefix=/usr --program-suffix=-4.7 --enable-shared --enable-linker-build-id --with-system-zlib --libexecdir=/usr/lib --without-included-gettext --enable-threads=posix --with-gxx-include-dir=/usr/include/c++/4.7 --libdir=/usr/lib --enable-nls --with-sysroot=/ --enable-clocale=gnu --enable-libstdcxx-debug --enable-libstdcxx-time=yes --enable-gnu-unique-object --enable-plugin --enable-objc-gc --enable-targets=all --with-arch-32=i586 --with-tune=generic --enable-checking=release --build=i486-linux-gnu --host=i486-linux-gnu --target=i486-linux-gnu
Thread model: posix
gcc version 4.7.2 (Debian 4.7.2-5) 
configure:3024: $? = 0
configure:3013: gcc -V >&5
gcc: error: unrecognized command line option '-V'
gcc: fatal error: no input files
compilation terminated.
configure:3024: $? = 4
configure:3013: gcc -qversion >&5
gcc: error: unrecognized command line option '-qversion'
gcc: fatal error: no input files
compilation terminated.
configure:3024: $? = 4
configure:3044: checking whether the C compiler works
configure:3066: gcc    conftest.c  >&5
configure:3070: $? = 0
configure:3118: result: yes
configure:3121: checking for C compiler default output file name
configure:3123: result: a.out
configure:3129: checking for suffix of executables
configure:3136: gcc -o conftest    conftest.c  >&5
configure:3140: $? = 0
configure:3162: result: 
configure:3184: checking whether we are cross compiling
configure:3192: gcc -o conftest    conftest.c  >&5
configure:3196: $? = 0
configure:3203: ./conftest
configure:3207: $? = 0
configure:3222: result: no
configure:3227: checking for suffix of object files
configure:3249: gcc -c   conftest.c >&5
configure:3253: $? = 0
configure:3274: result: o
configure:3278: checking whether we are using the GNU C compiler
configure:3297: gcc -c   conftest.c >&5
configure:3297: $? = 0
configure:3306: result: yes
configure:3315: checking whether gcc accepts -g
configure:3335: gcc -c -g  conftest.c >&5
configure:3335: $? = 0
configure:3376: result: yes
configure:3393: checking for gcc option to accept ISO C89
configure:3456: gcc  -c -g -O2  conftest.c >&5
configure:3456: $? = 0
configure:3469: result: none needed
configure:3500: checking for style of include used by make
configure:3528: result: GNU
configure:3554: checking dependency style of gcc
configure:3665: result: gcc3
configure:3690: checking how to run the C preprocessor
configure:3721: gcc -E  conftest.c
configure:3721: $? = 0
configure:3735: gcc -E  conftest.c
conftest.c:11:28: fatal error: ac_nonexistent.h: No such file or directory
compilation terminated.
configure:3735: $? = 1
configure: failed program was:
| /* confdefs.h */
| #define PACKAGE_NAME "client"
| #define PACKAGE_TARNAME "client"
| #define PACKAGE_VERSION "1.0"
| #define PACKAGE_STRING "client 1.0"
| #define PACKAGE_BUGREPORT "360325900@qq.com"
| #define PACKAGE_URL ""
| #define PACKAGE "client"
| #define VERSION "1.0"
| /* end confdefs.h.  */
| #include <ac_nonexistent.h>
configure:3760: result: gcc -E
configure:3780: gcc -E  conftest.c
configure:3780: $? = 0
configure:3794: gcc -E  conftest.c
conftest.c:11:28: fatal error: ac_nonexistent.h: No such file or directory
compilation terminated.
configure:3794: $? = 1
configure: failed program was:
| /* confdefs.h */
| #define PACKAGE_NAME "client"
| #define PACKAGE_TARNAME "client"
| #define PACKAGE_VERSION "1.0"
| #define PACKAGE_STRING "client 1.0"
| #define PACKAGE_BUGREPORT "360325900@qq.com"
| #define PACKAGE_URL ""
| #define PACKAGE "client"
| #define VERSION "1.0"
| /* end confdefs.h.  */
| #include <ac_nonexistent.h>
configure:3823: checking for grep that handles long lines and -e
configure:3881: result: /bin/grep
configure:3886: checking for egrep
configure:3948: result: /bin/grep -E
configure:3953: checking for ANSI C header files
configure:3973: gcc -c -g -O2  conftest.c >&5
configure:3973: $? = 0
configure:4046: gcc -o conftest -g -O2   conftest.c  >&5
configure:4046: $? = 0
configure:4046: ./conftest
configure:4046: $? = 0
configure:4057: result: yes
configure:4070: checking for sys/types.h
configure:4070: gcc -c -g -O2  conftest.c >&5
configure:4070: $? = 0
configure:4070: result: yes
configure:4070: checking for sys/stat.h
configure:4070: gcc -c -g -O2  conftest.c >&5
configure:4070: $? = 0
configure:4070: result: yes
configure:4070: checking for stdlib.h
configure:4070: gcc -c -g -O2  conftest.c >&5
configure:4070: $? = 0
configure:4070: result: yes
configure:4070: checking for string.h
configure:4070: gcc -c -g -O2  conftest.c >&5
configure:4070: $? = 0
configure:4070: result: yes
configure:4070: checking for memory.h
configure:4070: gcc -c -g -O2  conftest.c >&5
configure:4070: $? = 0
configure:4070: result: yes
configure:4070: checking for strings.h
configure:4070: gcc -c -g -O2  conftest.c >&5
configure:4070: $? = 0
configure:4070: result: yes
configure:4070: checking for inttypes.h
configure:4070: gcc -c -g -O2  conftest.c >&5
configure:4070: $? = 0
configure:4070: result: yes
configure:4070: checking for stdint.h
configure:4070: gcc -c -g -O2  conftest.c >&5
configure:4070: $? = 0
configure:4070: result: yes
configure:4070: checking for unistd.h
configure:4070: gcc -c -g -O2  conftest.c >&5
configure:4070: $? = 0
configure:4070: result: yes
configure:4085: checking arpa/inet.h usability
configure:4085: gcc -c -g -O2  conftest.c >&5
configure:4085: $? = 0
configure:4085: result: yes
configure:4085: checking arpa/inet.h presence
configure:4085: gcc -E  conftest.c
configure:4085: $? = 0
configure:4085: result: yes
configure:4085: checking for arpa/inet.h
configure:4085: result: yes
configure:4085: checking fcntl.h usability
configure:4085: gcc -c -g -O2  conftest.c >&5
configure:4085: $? = 0
configure:4085: result: yes
configure:4085: checking fcntl.h presence
configure:4085: gcc -E  conftest.c
configure:4085: $? = 0
configure:4085: result: yes
configure:4085: checking for fcntl.h
configure:4085: result: yes
configure:4085: checking netinet/in.h usability
configure:4085: gcc -c -g -O2  conftest.c >&5
configure:4085: $? = 0
configure:4085: result: yes
configure:4085: checking netinet/in.h presence
configure:4085: gcc -E  conftest.c
configure:4085: $? = 0
configure:4085: result: yes
configure:4085: checking for netinet/in.h
configure:4085: result: yes
configure:4085: checking for stdlib.h
configure:4085: result: yes
configure:4085: checking for string.h
configure:4085: result: yes
configure:4085: checking for unistd.h
configure:4085: result: yes
configure:4097: checking for pid_t
configure:4097: gcc -c -g -O2  conftest.c >&5
configure:4097: $? = 0
configure:4097: gcc -c -g -O2  conftest.c >&5
conftest.c: In function 'main':
conftest.c:63:20: error: expected expression before ')' token
configure:4097: $? = 1
configure: failed program was:
| /* confdefs.h */
| #define PACKAGE_NAME "client"
| #define PACKAGE_TARNAME "client"
| #define PACKAGE_VERSION "1.0"
| #define PACKAGE_STRING "client 1.0"
| #define PACKAGE_BUGREPORT "360325900@qq.com"
| #define PACKAGE_URL ""
| #define PACKAGE "client"
| #define VERSION "1.0"
| #define STDC_HEADERS 1
| #define HAVE_SYS_TYPES_H 1
| #define HAVE_SYS_STAT_H 1
| #define HAVE_STDLIB_H 1
| #define HAVE_STRING_H 1
| #define HAVE_MEMORY_H 1
| #define HAVE_STRINGS_H 1
| #define HAVE_INTTYPES_H 1
| #define HAVE_STDINT_H 1
| #define HAVE_UNISTD_H 1
| #define HAVE_ARPA_INET_H 1
| #define HAVE_FCNTL_H 1
| #define HAVE_NETINET_IN_H 1
| #define HAVE_STDLIB_H 1
| #define HAVE_STRING_H 1
| #define HAVE_UNISTD_H 1
| /* end confdefs.h.  */
| #include <stdio.h>
| #ifdef HAVE_SYS_TYPES_H
| # include <sys/types.h>
| #endif
| #ifdef HAVE_SYS_STAT_H
| # include <sys/stat.h>
| #endif
| #ifdef STDC_HEADERS
| # include <stdlib.h>
| # include <stddef.h>
| #else
| # ifdef HAVE_STDLIB_H
| #  include <stdlib.h>
| # endif
| #endif
| #ifdef HAVE_STRING_H
| # if !defined STDC_HEADERS && defined HAVE_MEMORY_H
| #  include <memory.h>
| # endif
| # include <string.h>
| #endif
| #ifdef HAVE_STRINGS_H
| # include <strings.h>
| #endif
| #ifdef HAVE_INTTYPES_H
| # include <inttypes.h>
| #endif
| #ifdef HAVE_STDINT_H
| # include <stdint.h>
| #endif
| #ifdef HAVE_UNISTD_H
| # include <unistd.h>
| #endif
| int
| main ()
| {
| if (sizeof ((pid_t)))
| 	    return 0;
|   ;
|   return 0;
| }
configure:4097: result: yes
configure:4108: checking for size_t
configure:4108: gcc -c -g -O2  conftest.c >&5
configure:4108: $? = 0
configure:4108: gcc -c -g -O2  conftest.c >&5
conftest.c: In function 'main':
conftest.c:63:21: error: expected expression before ')' token
configure:4108: $? = 1
configure: failed program was:
| /* confdefs.h */
| #define PACKAGE_NAME "client"
| #define PACKAGE_TARNAME "client"
| #define PACKAGE_VERSION "1.0"
| #define PACKAGE_STRING "client 1.0"
| #define PACKAGE_BUGREPORT "360325900@qq.com"
| #define PACKAGE_URL ""
| #define PACKAGE "client"
| #define VERSION "1.0"
| #define STDC_HEADERS 1
| #define HAVE_SYS_TYPES_H 1
| #define HAVE_SYS_STAT_H 1
| #define HAVE_STDLIB_H 1
| #define HAVE_STRING_H 1
| #define HAVE_MEMORY_H 1
| #define HAVE_STRINGS_H 1
| #define HAVE_INTTYPES_H 1
| #define HAVE_STDINT_H 1
| #define HAVE_UNISTD_H 1
| #define HAVE_ARPA_INET_H 1
| #define HAVE_FCNTL_H 1
| #define HAVE_NETINET_IN_H 1
| #define HAVE_STDLIB_H 1
| #define HAVE_STRING_H 1
| #define HAVE_UNISTD_H 1
| /* end confdefs.h.  */
| #include <stdio.h>
| #ifdef HAVE_SYS_TYPES_H
| # include <sys/types.h>
| #endif
| #ifdef HAVE_SYS_STAT_H
| # include <sys/stat.h>
| #endif
| #ifdef STDC_HEADERS
| # include <stdlib.h>
| # include <stddef.h>
| #else
| # ifdef HAVE_STDLIB_H
| #  include <stdlib.h>
| # endif
| #endif
| #ifdef HAVE_STRING_H
| # if !defined STDC_HEADERS && defined HAVE_MEMORY_H
| #  include <memory.h>
| # endif
| # include <string.h>
| #endif
| #ifdef HAVE_STRINGS_H
| # include <strings.h>
| #endif
| #ifdef HAVE_INTTYPES_H
| # include <inttypes.h>
| #endif
| #ifdef HAVE_STDINT_H
| # include <stdint.h>
| #endif
| #ifdef HAVE_UNISTD_H
| # include <unistd.h>
| #endif
| int
| main ()
| {
| if (sizeof ((size_t)))
| 	    return 0;
|   ;
|   return 0;
| }
configure:4108: result: yes
configure:4119: checking for ssize_t
configure:4119: gcc -c -g -O2  conftest.c >&5
configure:4119: $? = 0
configure:4119: gcc -c -g -O2  conftest.c >&5
conftest.c: In function 'main':
conftest.c:63:22: error: expected expression before ')' token
configure:4119: $? = 1
configure: failed program was:
| /* confdefs.h */
| #define PACKAGE_NAME "client"
| #define PACKAGE_TARNAME "client"
| #define PACKAGE_VERSION "1.0"
| #define PACKAGE_STRING "client 1.0"
| #define PACKAGE_BUGREPORT "360325900@qq.com"
| #define PACKAGE_URL ""
| #define PACKAGE "client"
| #define VERSION "1.0"
| #define STDC_HEADERS 1
| #define HAVE_SYS_TYPES_H 1
| #define HAVE_SYS_STAT_H 1
| #define HAVE_STDLIB_H 1
| #define HAVE_STRING_H 1
| #define HAVE_MEMORY_H 1
| #define HAVE_STRINGS_H 1
| #define HAVE_INTTYPES_H 1
| #define HAVE_STDINT_H 1
| #define HAVE_UNISTD_H 1
| #define HAVE_ARPA_INET_H 1
| #define HAVE_FCNTL_H 1
| #define HAVE_NETINET_IN_H 1
| #define HAVE_STDLIB_H 1
| #define HAVE_STRING_H 1
| #define HAVE_UNISTD_H 1
| /* end confdefs.h.  */
| #include <stdio.h>
| #ifdef HAVE_SYS_TYPES_H
| # include <sys/types.h>
| #endif
| #ifdef HAVE_SYS_STAT_H
| # include <sys/stat.h>
| #endif
| #ifdef STDC_HEADERS
| # include <stdlib.h>
| # include <stddef.h>
| #else
| # ifdef HAVE_STDLIB_H
| #  include <stdlib.h>
| # endif
| #endif
| #ifdef HAVE_STRING_H
| # if !defined STDC_HEADERS && defined HAVE_MEMORY_H
| #  include <memory.h>
| # endif
| # include <string.h>
| #endif
| #ifdef HAVE_STRINGS_H
| # include <strings.h>
| #endif
| #ifdef HAVE_INTTYPES_H
| # include <inttypes.h>
| #endif
| #ifdef HAVE_STDINT_H
| # include <stdint.h>
| #endif
| #ifdef HAVE_UNISTD_H
| # include <unistd.h>
| #endif
| int
| main ()
| {
| if (sizeof ((ssize_t)))
| 	    return 0;
|   ;
|   return 0;
| }
configure:4119: result: yes
configure:4134: checking vfork.h usability
configure:4134: gcc -c -g -O2  conftest.c >&5
conftest.c:60:19: fatal error: vfork.h: No such file or directory
compilation terminated.
configure:4134: $? = 1
configure: failed program was:
| /* confdefs.h */
| #define PACKAGE_NAME "client"
| #define PACKAGE_TARNAME "client"
| #define PACKAGE_VERSION "1.0"
| #define PACKAGE_STRING "client 1.0"
| #define PACKAGE_BUGREPORT "360325900@qq.com"
| #define PACKAGE_URL ""
| #define PACKAGE "client"
| #define VERSION "1.0"
| #define STDC_HEADERS 1
| #define HAVE_SYS_TYPES_H 1
| #define HAVE_SYS_STAT_H 1
| #define HAVE_STDLIB_H 1
| #define HAVE_STRING_H 1
| #define HAVE_MEMORY_H 1
| #define HAVE_STRINGS_H 1
| #define HAVE_INTTYPES_H 1
| #define HAVE_STDINT_H 1
| #define HAVE_UNISTD_H 1
| #define HAVE_ARPA_INET_H 1
| #define HAVE_FCNTL_H 1
| #define HAVE_NETINET_IN_H 1
| #define HAVE_STDLIB_H 1
| #define HAVE_STRING_H 1
| #define HAVE_UNISTD_H 1
| /* end confdefs.h.  */
| #include <stdio.h>
| #ifdef HAVE_SYS_TYPES_H
| # include <sys/types.h>
| #endif
| #ifdef HAVE_SYS_STAT_H
| # include <sys/stat.h>
| #endif
| #ifdef STDC_HEADERS
| # include <stdlib.h>
| # include <stddef.h>
| #else
| # ifdef HAVE_STDLIB_H
| #  include <stdlib.h>
| # endif
| #endif
| #ifdef HAVE_STRING_H
| # if !defined STDC_HEADERS && defined HAVE_MEMORY_H
| #  include <memory.h>
| # endif
| # include <string.h>
| #endif
| #ifdef HAVE_STRINGS_H
| # include <strings.h>
| #endif
| #ifdef HAVE_INTTYPES_H
| # include <inttypes.h>
| #endif
| #ifdef HAVE_STDINT_H
| # include <stdint.h>
| #endif
| #ifdef HAVE_UNISTD_H
| # include <unistd.h>
| #endif
| #include <vfork.h>
configure:4134: result: no
configure:4134: checking vfork.h presence
configure:4134: gcc -E  conftest.c
conftest.c:27:19: fatal error: vfork.h: No such file or directory
compilation terminated.
configure:4134: $? = 1
configure: failed program was:
| /* confdefs.h */
| #define PACKAGE_NAME "client"
| #define PACKAGE_TARNAME "client"
| #define PACKAGE_VERSION "1.0"
| #define PACKAGE_STRING "client 1.0"
| #define PACKAGE_BUGREPORT "360325900@qq.com"
| #define PACKAGE_URL ""
| #define PACKAGE "client"
| #define VERSION "1.0"
| #define STDC_HEADERS 1
| #define HAVE_SYS_TYPES_H 1
| #define HAVE_SYS_STAT_H 1
| #define HAVE_STDLIB_H 1
| #define HAVE_STRING_H 1
| #define HAVE_MEMORY_H 1
| #define HAVE_STRINGS_H 1
| #define HAVE_INTTYPES_H 1
| #define HAVE_STDINT_H 1
| #define HAVE_UNISTD_H 1
| #define HAVE_ARPA_INET_H 1
| #define HAVE_FCNTL_H 1
| #define HAVE_NETINET_IN_H 1
| #define HAVE_STDLIB_H 1
| #define HAVE_STRING_H 1
| #define HAVE_UNISTD_H 1
| /* end confdefs.h.  */
| #include <vfork.h>
configure:4134: result: no
configure:4134: checking for vfork.h
configure:4134: result: no
configure:4147: checking for fork
configure:4147: gcc -o conftest -g -O2   conftest.c  >&5
conftest.c:50:6: warning: conflicting types for built-in function 'fork' [enabled by default]
configure:4147: $? = 0
configure:4147: result: yes
configure:4147: checking for vfork
configure:4147: gcc -o conftest -g -O2   conftest.c  >&5
configure:4147: $? = 0
configure:4147: result: yes
configure:4157: checking for working fork
configure:4179: gcc -o conftest -g -O2   conftest.c  >&5
configure:4179: $? = 0
configure:4179: ./conftest
configure:4179: $? = 0
configure:4189: result: yes
configure:4210: checking for working vfork
configure:4320: result: yes
configure:4348: checking for bzero
configure:4348: gcc -o conftest -g -O2   conftest.c  >&5
conftest.c:54:6: warning: conflicting types for built-in function 'bzero' [enabled by default]
configure:4348: $? = 0
configure:4348: result: yes
configure:4348: checking for socket
configure:4348: gcc -o conftest -g -O2   conftest.c  >&5
configure:4348: $? = 0
configure:4348: result: yes
configure:4490: creating ./config.status

## ---------------------- ##
## Running config.status. ##
## ---------------------- ##

This file was extended by client config.status 1.0, which was
generated by GNU Autoconf 2.69.  Invocation command line was

  CONFIG_FILES    = 
  CONFIG_HEADERS  = 
  CONFIG_LINKS    = 
  CONFIG_COMMANDS = 
  $ ./config.status 

on debian

config.status:861: creating Makefile
config.status:861: creating src/Makefile
config.status:861: creating config.h
config.status:1090: executing depfiles commands

## ---------------- ##
## Cache variables. ##
## ---------------- ##

ac_cv_c_compiler_gnu=yes
ac_cv_env_CC_set=
ac_cv_env_CC_value=
ac_cv_env_CFLAGS_set=
ac_cv_env_CFLAGS_value=
ac_cv_env_CPPFLAGS_set=
ac_cv_env_CPPFLAGS_value=
ac_cv_env_CPP_set=
ac_cv_env_CPP_value=
ac_cv_env_LDFLAGS_set=
ac_cv_env_LDFLAGS_value=
ac_cv_env_LIBS_set=
ac_cv_env_LIBS_value=
ac_cv_env_build_alias_set=
ac_cv_env_build_alias_value=
ac_cv_env_host_alias_set=
ac_cv_env_host_alias_value=
ac_cv_env_target_alias_set=
ac_cv_env_target_alias_value=
ac_cv_func_bzero=yes
ac_cv_func_fork=yes
ac_cv_func_fork_works=yes
ac_cv_func_socket=yes
ac_cv_func_vfork=yes
ac_cv_func_vfork_works=yes
ac_cv_header_arpa_inet_h=yes
ac_cv_header_fcntl_h=yes
ac_cv_header_inttypes_h=yes
ac_cv_header_memory_h=yes
ac_cv_header_netinet_in_h=yes
ac_cv_header_stdc=yes
ac_cv_header_stdint_h=yes
ac_cv_header_stdlib_h=yes
ac_cv_header_string_h=yes
ac_cv_header_strings_h=yes
ac_cv_header_sys_stat_h=yes
ac_cv_header_sys_types_h=yes
ac_cv_header_unistd_h=yes
ac_cv_header_vfork_h=no
ac_cv_objext=o
ac_cv_path_EGREP='/bin/grep -E'
ac_cv_path_GREP=/bin/grep
ac_cv_path_install='/usr/bin/install -c'
ac_cv_path_mkdir=/bin/mkdir
ac_cv_prog_AWK=mawk
ac_cv_prog_CPP='gcc -E'
ac_cv_prog_ac_ct_CC=gcc
ac_cv_prog_cc_c89=
ac_cv_prog_cc_g=yes
ac_cv_prog_make_make_set=yes
ac_cv_type_pid_t=yes
ac_cv_type_size_t=yes
ac_cv_type_ssize_t=yes
am_cv_CC_dependencies_compiler_type=gcc3

## ----------------- ##
## Output variables. ##
## ----------------- ##

ACLOCAL='${SHELL} /home/angel/design/client/missing --run aclocal-1.11'
AMDEPBACKSLASH='\'
AMDEP_FALSE='#'
AMDEP_TRUE=''
AMTAR='$${TAR-tar}'
AUTOCONF='${SHELL} /home/angel/design/client/missing --run autoconf'
AUTOHEADER='${SHELL} /home/angel/design/client/missing --run autoheader'
AUTOMAKE='${SHELL} /home/angel/design/client/missing --run automake-1.11'
AWK='mawk'
CC='gcc'
CCDEPMODE='depmode=gcc3'
CFLAGS='-g -O2'
CPP='gcc -E'
CPPFLAGS=''
CYGPATH_W='echo'
DEFS='-DHAVE_CONFIG_H'
DEPDIR='.deps'
ECHO_C=''
ECHO_N='-n'
ECHO_T=''
EGREP='/bin/grep -E'
EXEEXT=''
GREP='/bin/grep'
INSTALL_DATA='${INSTALL} -m 644'
INSTALL_PROGRAM='${INSTALL}'
INSTALL_SCRIPT='${INSTALL}'
INSTALL_STRIP_PROGRAM='$(install_sh) -c -s'
LDFLAGS=''
LIBOBJS=''
LIBS=''
LTLIBOBJS=''
MAKEINFO='${SHELL} /home/angel/design/client/missing --run makeinfo'
MKDIR_P='/bin/mkdir -p'
OBJEXT='o'
PACKAGE='client'
PACKAGE_BUGREPORT='360325900@qq.com'
PACKAGE_NAME='client'
PACKAGE_STRING='client 1.0'
PACKAGE_TARNAME='client'
PACKAGE_URL=''
PACKAGE_VERSION='1.0'
PATH_SEPARATOR=':'
SET_MAKE=''
SHELL='/bin/bash'
STRIP=''
VERSION='1.0'
ac_ct_CC='gcc'
am__EXEEXT_FALSE=''
am__EXEEXT_TRUE='#'
am__fastdepCC_FALSE='#'
am__fastdepCC_TRUE=''
am__include='include'
am__isrc=''
am__leading_dot='.'
am__nodep='_no'
am__quote=''
am__tar='$${TAR-tar} chof - "$$tardir"'
am__untar='$${TAR-tar} xf -'
bindir='${exec_prefix}/bin'
build_alias=''
datadir='${datarootdir}'
datarootdir='${prefix}/share'
docdir='${datarootdir}/doc/${PACKAGE_TARNAME}'
dvidir='${docdir}'
exec_prefix='${prefix}'
host_alias=''
htmldir='${docdir}'
includedir='${prefix}/include'
infodir='${datarootdir}/info'
install_sh='${SHELL} /home/angel/design/client/install-sh'
libdir='${exec_prefix}/lib'
libexecdir='${exec_prefix}/libexec'
localedir='${datarootdir}/locale'
localstatedir='${prefix}/var'
mandir='${datarootdir}/man'
mkdir_p='/bin/mkdir -p'
oldincludedir='/usr/include'
pdfdir='${docdir}'
prefix='/usr/local'
program_transform_name='s,x,x,'
psdir='${docdir}'
sbindir='${exec_prefix}/sbin'
sharedstatedir='${prefix}/com'
sysconfdir='${prefix}/etc'
target_alias=''

## ----------- ##
## confdefs.h. ##
## ----------- ##

/* confdefs.h */
#define PACKAGE_NAME "client"
#define PACKAGE_TARNAME "client"
#define PACKAGE_VERSION "1.0"
#define PACKAGE_STRING "client 1.0"
#define PACKAGE_BUGREPORT "360325900@qq.com"
#define PACKAGE_URL ""
#define PACKAGE "client"
#define VERSION "1.0"
#define STDC_HEADERS 1
#define HAVE_SYS_TYPES_H 1
#define HAVE_SYS_STAT_H 1
#define HAVE_STDLIB_H 1
#define HAVE_STRING_H 1
#define HAVE_MEMORY_H 1
#define HAVE_STRINGS_H 1
#define HAVE_INTTYPES_H 1
#define HAVE_STDINT_H 1
#define HAVE_UNISTD_H 1
#define HAVE_ARPA_INET_H 1
#define HAVE_FCNTL_H 1
#define HAVE_NETINET_IN_H 1
#define HAVE_STDLIB_H 1
#define HAVE_STRING_H 1
#define HAVE_UNISTD_H 1
#define HAVE_FORK 1
#define HAVE_VFORK 1
#define HAVE_WORKING_VFORK 1
#define HAVE_WORKING_FORK 1
#define HAVE_BZERO 1
#define HAVE_SOCKET 1

configure: exit 0
